[0;32m[2026-02-07 19:01:27][0m Starting OpenEdX deployment on Kubernetes
[0;32m[2026-02-07 19:01:27][0m Checking prerequisites...
[0;32m[2026-02-07 19:01:28][0m Prerequisites check passed.
[0;32m[2026-02-07 19:01:28][0m Creating namespace: openedx
[0;32m[2026-02-07 19:01:30][0m Applying persistent storage configurations...
[0;32m[2026-02-07 19:01:32][0m Applying ConfigMaps...
[0;32m[2026-02-07 19:01:35][0m Deploying OpenEdX applications...
[0;32m[2026-02-07 19:01:35][0m Deploying LMS...
[0;32m[2026-02-07 19:01:45][0m Deploying CMS...
[0;32m[2026-02-07 19:01:53][0m Applying Horizontal Pod Autoscaling...
[0;32m[2026-02-07 19:01:55][0m Applying Ingress configuration...
[0;32m[2026-02-07 19:02:30][0m Verifying deployment...
[0;32m[2026-02-07 19:02:30][0m Checking pod status...
[0;32m[2026-02-07 19:02:35][0m Checking service status...
[0;32m[2026-02-07 19:02:37][0m Checking ingress...
[0;32m[2026-02-07 19:02:39][0m Checking HPA...
[0;32m[2026-02-07 19:02:41][0m Deployment verification completed.
[0;32m[2026-02-07 19:02:41][0m Running health checks...
[0;32m[2026-02-07 19:02:45][0m Testing external endpoint: http://ae344a8cd34b54925a645b6fb2997d25-1146298974.ap-south-1.elb.amazonaws.com
<pending>
<pending>
[0;32m[2026-02-07 19:02:45][0m Health checks completed.
[0;32m[2026-02-07 19:02:45][0m =========================================
[0;32m[2026-02-07 19:02:45][0m Deployment completed successfully!
[0;32m[2026-02-07 19:02:45][0m Log file: deployment_20260207_190127.log
[0;32m[2026-02-07 19:02:45][0m To check status: kubectl get all -n openedx
[0;32m[2026-02-07 19:02:45][0m =========================================
