[0;32m[2026-02-07 19:57:01][0m Starting automated Open edX deployment pipeline...
[0;32m[2026-02-07 19:57:01][0m Validating system prerequisites...
[0;32m[2026-02-07 19:57:02][0m Prerequisite validation completed successfully.
[0;32m[2026-02-07 19:57:02][0m Ensuring namespace exists: openedx
[0;32m[2026-02-07 19:57:04][0m Applying persistent storage resources...
[0;32m[2026-02-07 19:57:09][0m Applying application configuration (ConfigMaps)...
[0;32m[2026-02-07 19:57:14][0m Deploying Open edX application components...
[0;32m[2026-02-07 19:57:14][0m Deploying LMS service...
[0;32m[2026-02-07 19:57:19][0m Deploying CMS service...
[0;32m[2026-02-07 19:57:25][0m Applying Horizontal Pod Autoscaler (HPA) configurations...
[0;32m[2026-02-07 19:57:28][0m Applying ingress routing rules...
[0;32m[2026-02-07 19:57:33][0m Waiting for resources to initialize...
[0;32m[2026-02-07 19:58:03][0m Performing post-deployment validation...
[0;32m[2026-02-07 19:58:03][0m Pod status check:
[0;32m[2026-02-07 19:58:05][0m Service status check:
[0;32m[2026-02-07 19:58:06][0m Ingress status check:
[0;32m[2026-02-07 19:58:07][0m Autoscaling status check:
[0;32m[2026-02-07 19:58:09][0m Validation completed.
[0;32m[2026-02-07 19:58:09][0m Executing basic platform health checks...
[0;32m[2026-02-07 19:58:16][0m Testing external endpoint availability: http://ae344a8cd34b54925a645b6fb2997d25-1146298974.ap-south-1.elb.amazonaws.com
<pending>
<pending>
[0;32m[2026-02-07 19:58:16][0m Health check process completed.
[0;32m[2026-02-07 19:58:16][0m ==========================================================
[0;32m[2026-02-07 19:58:16][0m Deployment completed successfully.
[0;32m[2026-02-07 19:58:16][0m Deployment log file: deployment_20260207_195701.log
[0;32m[2026-02-07 19:58:16][0m Namespace: openedx
[0;32m[2026-02-07 19:58:16][0m To monitor resources: kubectl get all -n openedx
[0;32m[2026-02-07 19:58:16][0m ==========================================================
