[0;32m[2026-02-07 17:24:26][0m Starting OpenEdX deployment on Kubernetes
[0;32m[2026-02-07 17:24:26][0m Checking prerequisites...
[0;32m[2026-02-07 17:24:27][0m Prerequisites check passed.
[0;32m[2026-02-07 17:24:27][0m Creating namespace: openedx
[0;32m[2026-02-07 17:24:28][0m Applying persistent storage configurations...
[0;32m[2026-02-07 17:24:30][0m Applying ConfigMaps...
[0;32m[2026-02-07 17:24:31][0m Deploying OpenEdX applications...
[0;32m[2026-02-07 17:24:31][0m Deploying LMS...
[0;32m[2026-02-07 17:24:33][0m Deploying CMS...
[0;32m[2026-02-07 17:24:36][0m Applying Horizontal Pod Autoscaling...
[0;32m[2026-02-07 17:24:37][0m Applying Ingress configuration...
[0;32m[2026-02-07 17:25:08][0m Verifying deployment...
[0;32m[2026-02-07 17:25:08][0m Checking pod status...
[0;32m[2026-02-07 17:25:09][0m Checking service status...
[0;32m[2026-02-07 17:25:10][0m Checking ingress...
[0;32m[2026-02-07 17:25:11][0m Checking HPA...
[0;32m[2026-02-07 17:25:12][0m Deployment verification completed.
[0;32m[2026-02-07 17:25:12][0m Running health checks...
[0;32m[2026-02-07 17:25:14][0m Testing external endpoint: http://ae344a8cd34b54925a645b6fb2997d25-1146298974.ap-south-1.elb.amazonaws.com
<pending>
<pending>
[0;32m[2026-02-07 17:25:14][0m Health checks completed.
[0;32m[2026-02-07 17:25:14][0m =========================================
[0;32m[2026-02-07 17:25:14][0m Deployment completed successfully!
[0;32m[2026-02-07 17:25:14][0m Log file: deployment_20260207_172426.log
[0;32m[2026-02-07 17:25:14][0m To check status: kubectl get all -n openedx
[0;32m[2026-02-07 17:25:14][0m =========================================
